  [1m[36m (257.9ms)[0m  [1mCREATE TABLE `schema_migrations` (`version` varchar(255) NOT NULL) ENGINE=InnoDB[0m
  [1m[35m (443.1ms)[0m  CREATE UNIQUE INDEX `unique_schema_migrations`  ON `schema_migrations` (`version`) 
  [1m[36mActiveRecord::SchemaMigration Load (0.3ms)[0m  [1mSELECT `schema_migrations`.* FROM `schema_migrations`[0m


Started GET "/" for 127.0.0.1 at 2014-09-10 12:52:11 +0700
Processing by Rails::WelcomeController#index as HTML
  Rendered /home/josnguyen/.rvm/gems/ruby-2.1.2/gems/railties-4.1.5/lib/rails/templates/rails/welcome/index.html.erb (2.3ms)
Completed 200 OK in 25ms (Views: 9.8ms | ActiveRecord: 0.0ms)


Started GET "/rails/info/properties" for 127.0.0.1 at 2014-09-10 12:52:16 +0700
Processing by Rails::InfoController#properties as */*
  [1m[36mActiveRecord::SchemaMigration Load (0.3ms)[0m  [1mSELECT `schema_migrations`.* FROM `schema_migrations`[0m
  Rendered /home/josnguyen/.rvm/gems/ruby-2.1.2/gems/railties-4.1.5/lib/rails/templates/rails/info/properties.html.erb (0.6ms)
Completed 200 OK in 88ms (Views: 55.0ms | ActiveRecord: 0.7ms)
  [1m[36mActiveRecord::SchemaMigration Load (0.3ms)[0m  [1mSELECT `schema_migrations`.* FROM `schema_migrations`[0m
Migrating to CreateLinhmucs (20140910062240)
  [1m[35m (170.2ms)[0m  CREATE TABLE `linhmucs` (`id` int(11) auto_increment PRIMARY KEY, `tenthanh` varchar(255), `hovaten` varchar(255), `giaoxu` varchar(255), `ngayquanxu` date, `created_at` datetime, `updated_at` datetime) ENGINE=InnoDB
  [1m[36m (0.2ms)[0m  [1mBEGIN[0m
  [1m[35mSQL (0.7ms)[0m  INSERT INTO `schema_migrations` (`version`) VALUES ('20140910062240')
  [1m[36m (97.5ms)[0m  [1mCOMMIT[0m
Migrating to CreateGiaodans (20140910062638)
  [1m[35m (185.5ms)[0m  CREATE TABLE `giaodans` (`id` int(11) auto_increment PRIMARY KEY, `magiaodan` varchar(255), `tenthanh` varchar(255), `hovaten` varchar(255), `gioitinh` varchar(255), `ngaysinh` date, `ngayruatoi` date, `ngayxungtoiruocle` date, `ngaythemsuc` date, `ngaylapgiadinh` date, `dienthoai` varchar(255), `ngaymat` date, `noisinh` varchar(255), `noimat` varchar(255), `trinhdovanhoa` varchar(255), `nghenghiep` varchar(255), `ghichu` varchar(255), `created_at` datetime, `updated_at` datetime) ENGINE=InnoDB
  [1m[36m (0.1ms)[0m  [1mBEGIN[0m
  [1m[35mSQL (0.2ms)[0m  INSERT INTO `schema_migrations` (`version`) VALUES ('20140910062638')
  [1m[36m (87.8ms)[0m  [1mCOMMIT[0m
Migrating to CreateGiadinhconggiaos (20140910062824)
  [1m[35m (198.0ms)[0m  CREATE TABLE `giadinhconggiaos` (`id` int(11) auto_increment PRIMARY KEY, `tencha` varchar(255), `tenme` varchar(255), `tencon` varchar(255), `created_at` datetime, `updated_at` datetime) ENGINE=InnoDB
  [1m[36m (0.1ms)[0m  [1mBEGIN[0m
  [1m[35mSQL (0.3ms)[0m  INSERT INTO `schema_migrations` (`version`) VALUES ('20140910062824')
  [1m[36m (91.7ms)[0m  [1mCOMMIT[0m
Migrating to CreateBitiches (20140910062937)
  [1m[35m (184.5ms)[0m  CREATE TABLE `bitiches` (`id` int(11) auto_increment PRIMARY KEY, `ruatoi` varchar(255), `ruocle` varchar(255), `themsuc` varchar(255), `honphoi` varchar(255), `truyenchucthanh` varchar(255), `created_at` datetime, `updated_at` datetime) ENGINE=InnoDB
  [1m[36m (0.1ms)[0m  [1mBEGIN[0m
  [1m[35mSQL (0.3ms)[0m  INSERT INTO `schema_migrations` (`version`) VALUES ('20140910062937')
  [1m[36m (108.0ms)[0m  [1mCOMMIT[0m
  [1m[35mActiveRecord::SchemaMigration Load (0.3ms)[0m  SELECT `schema_migrations`.* FROM `schema_migrations`
  [1m[36mActiveRecord::SchemaMigration Load (40.2ms)[0m  [1mSELECT `schema_migrations`.* FROM `schema_migrations`[0m
Migrating to DeviseCreateUsers (20140911025640)
  [1m[35m (235.5ms)[0m  CREATE TABLE `users` (`id` int(11) auto_increment PRIMARY KEY, `email` varchar(255) DEFAULT '' NOT NULL, `encrypted_password` varchar(255) DEFAULT '' NOT NULL, `reset_password_token` varchar(255), `reset_password_sent_at` datetime, `remember_created_at` datetime, `sign_in_count` int(11) DEFAULT 0 NOT NULL, `current_sign_in_at` datetime, `last_sign_in_at` datetime, `current_sign_in_ip` varchar(255), `last_sign_in_ip` varchar(255), `created_at` datetime, `updated_at` datetime) ENGINE=InnoDB
  [1m[36m (377.0ms)[0m  [1mCREATE UNIQUE INDEX `index_users_on_email`  ON `users` (`email`) [0m
  [1m[35m (309.5ms)[0m  CREATE UNIQUE INDEX `index_users_on_reset_password_token`  ON `users` (`reset_password_token`) 
  [1m[36m (0.2ms)[0m  [1mBEGIN[0m
  [1m[35mSQL (22.5ms)[0m  INSERT INTO `schema_migrations` (`version`) VALUES ('20140911025640')
  [1m[36m (83.8ms)[0m  [1mCOMMIT[0m
  [1m[35mActiveRecord::SchemaMigration Load (0.2ms)[0m  SELECT `schema_migrations`.* FROM `schema_migrations`


Started GET "/" for 127.0.0.1 at 2014-09-11 09:57:26 +0700
  [1m[36mActiveRecord::SchemaMigration Load (0.3ms)[0m  [1mSELECT `schema_migrations`.* FROM `schema_migrations`[0m
Processing by Rails::WelcomeController#index as HTML
  Rendered /home/josnguyen/.rvm/gems/ruby-2.1.2/gems/railties-4.1.5/lib/rails/templates/rails/welcome/index.html.erb (2.1ms)
Completed 200 OK in 34ms (Views: 19.4ms | ActiveRecord: 0.0ms)


Started GET "/users/sign_up" for 127.0.0.1 at 2014-09-11 09:57:40 +0700
Processing by Devise::RegistrationsController#new as HTML
  Rendered /home/josnguyen/.rvm/gems/ruby-2.1.2/gems/devise-3.3.0/app/views/devise/shared/_links.erb (2.1ms)
  Rendered /home/josnguyen/.rvm/gems/ruby-2.1.2/gems/devise-3.3.0/app/views/devise/registrations/new.html.erb within layouts/application (45.8ms)
Completed 200 OK in 926ms (Views: 905.5ms | ActiveRecord: 2.6ms)


Started GET "/assets/application.css?body=1" for 127.0.0.1 at 2014-09-11 09:57:41 +0700


Started GET "/assets/jquery.js?body=1" for 127.0.0.1 at 2014-09-11 09:57:41 +0700


Started GET "/assets/jquery_ujs.js?body=1" for 127.0.0.1 at 2014-09-11 09:57:41 +0700


Started GET "/assets/turbolinks.js?body=1" for 127.0.0.1 at 2014-09-11 09:57:41 +0700


Started GET "/assets/application.js?body=1" for 127.0.0.1 at 2014-09-11 09:57:41 +0700


Started POST "/users" for 127.0.0.1 at 2014-09-11 10:08:03 +0700
Processing by Devise::RegistrationsController#create as HTML
  Parameters: {"utf8"=>"✓", "authenticity_token"=>"Dn2WTamWe/ooRXQq0w4qwv0/+giToipjtwdjsYjRbo0=", "user"=>{"email"=>"nguyenn@gmail.com", "password"=>"[FILTERED]", "password_confirmation"=>"[FILTERED]"}, "commit"=>"Sign up"}
  [1m[35m (0.2ms)[0m  BEGIN
  [1m[36mUser Exists (14.3ms)[0m  [1mSELECT  1 AS one FROM `users`  WHERE `users`.`email` = BINARY 'nguyenn@gmail.com' LIMIT 1[0m
  [1m[35m (0.3ms)[0m  ROLLBACK
  Rendered /home/josnguyen/.rvm/gems/ruby-2.1.2/gems/devise-3.3.0/app/views/devise/shared/_links.erb (0.4ms)
  Rendered /home/josnguyen/.rvm/gems/ruby-2.1.2/gems/devise-3.3.0/app/views/devise/registrations/new.html.erb within layouts/application (5.6ms)
Completed 200 OK in 324ms (Views: 72.5ms | ActiveRecord: 14.8ms)


Started POST "/users" for 127.0.0.1 at 2014-09-11 10:08:04 +0700
Processing by Devise::RegistrationsController#create as HTML
  Parameters: {"utf8"=>"✓", "authenticity_token"=>"Dn2WTamWe/ooRXQq0w4qwv0/+giToipjtwdjsYjRbo0=", "user"=>{"email"=>"nguyenn@gmail.com", "password"=>"[FILTERED]", "password_confirmation"=>"[FILTERED]"}, "commit"=>"Sign up"}
  [1m[36m (0.2ms)[0m  [1mBEGIN[0m
  [1m[35mUser Exists (0.5ms)[0m  SELECT  1 AS one FROM `users`  WHERE `users`.`email` = BINARY 'nguyenn@gmail.com' LIMIT 1
  [1m[36m (0.2ms)[0m  [1mROLLBACK[0m
  Rendered /home/josnguyen/.rvm/gems/ruby-2.1.2/gems/devise-3.3.0/app/views/devise/shared/_links.erb (0.4ms)
  Rendered /home/josnguyen/.rvm/gems/ruby-2.1.2/gems/devise-3.3.0/app/views/devise/registrations/new.html.erb within layouts/application (5.3ms)
Completed 200 OK in 141ms (Views: 38.9ms | ActiveRecord: 0.8ms)


Started POST "/users" for 127.0.0.1 at 2014-09-11 10:08:17 +0700
Processing by Devise::RegistrationsController#create as HTML
  Parameters: {"utf8"=>"✓", "authenticity_token"=>"Dn2WTamWe/ooRXQq0w4qwv0/+giToipjtwdjsYjRbo0=", "user"=>{"email"=>"nguyenn@gmail.com", "password"=>"[FILTERED]", "password_confirmation"=>"[FILTERED]"}, "commit"=>"Sign up"}
  [1m[35m (0.2ms)[0m  BEGIN
  [1m[36mUser Exists (0.4ms)[0m  [1mSELECT  1 AS one FROM `users`  WHERE `users`.`email` = BINARY 'nguyenn@gmail.com' LIMIT 1[0m
  [1m[35mSQL (0.4ms)[0m  INSERT INTO `users` (`created_at`, `email`, `encrypted_password`, `updated_at`) VALUES ('2014-09-11 03:08:17', 'nguyenn@gmail.com', '$2a$10$d.3LbJ2n1E7EmeEZNid/S.5xBFzWQeXB1/G6qCVrihi2EX4EAwHKK', '2014-09-11 03:08:17')
  [1m[36m (434.8ms)[0m  [1mCOMMIT[0m
  [1m[35m (0.2ms)[0m  BEGIN
  [1m[36mSQL (41.2ms)[0m  [1mUPDATE `users` SET `current_sign_in_at` = '2014-09-11 03:08:17', `current_sign_in_ip` = '127.0.0.1', `last_sign_in_at` = '2014-09-11 03:08:17', `last_sign_in_ip` = '127.0.0.1', `sign_in_count` = 1, `updated_at` = '2014-09-11 03:08:17' WHERE `users`.`id` = 1[0m
  [1m[35m (98.0ms)[0m  COMMIT
Redirected to http://localhost:3000/
Completed 302 Found in 683ms (ActiveRecord: 575.1ms)


Started GET "/" for 127.0.0.1 at 2014-09-11 10:08:18 +0700
Processing by Rails::WelcomeController#index as HTML
  Rendered /home/josnguyen/.rvm/gems/ruby-2.1.2/gems/railties-4.1.5/lib/rails/templates/rails/welcome/index.html.erb (0.1ms)
Completed 200 OK in 3ms (Views: 2.7ms | ActiveRecord: 0.0ms)


Started GET "/users" for 127.0.0.1 at 2014-09-11 10:59:57 +0700

ActionController::RoutingError (No route matches [GET] "/users"):
  actionpack (4.1.5) lib/action_dispatch/middleware/debug_exceptions.rb:21:in `call'
  actionpack (4.1.5) lib/action_dispatch/middleware/show_exceptions.rb:30:in `call'
  railties (4.1.5) lib/rails/rack/logger.rb:38:in `call_app'
  railties (4.1.5) lib/rails/rack/logger.rb:20:in `block in call'
  activesupport (4.1.5) lib/active_support/tagged_logging.rb:68:in `block in tagged'
  activesupport (4.1.5) lib/active_support/tagged_logging.rb:26:in `tagged'
  activesupport (4.1.5) lib/active_support/tagged_logging.rb:68:in `tagged'
  railties (4.1.5) lib/rails/rack/logger.rb:20:in `call'
  actionpack (4.1.5) lib/action_dispatch/middleware/request_id.rb:21:in `call'
  rack (1.5.2) lib/rack/methodoverride.rb:21:in `call'
  rack (1.5.2) lib/rack/runtime.rb:17:in `call'
  activesupport (4.1.5) lib/active_support/cache/strategy/local_cache_middleware.rb:26:in `call'
  rack (1.5.2) lib/rack/lock.rb:17:in `call'
  actionpack (4.1.5) lib/action_dispatch/middleware/static.rb:64:in `call'
  rack (1.5.2) lib/rack/sendfile.rb:112:in `call'
  railties (4.1.5) lib/rails/engine.rb:514:in `call'
  railties (4.1.5) lib/rails/application.rb:144:in `call'
  rack (1.5.2) lib/rack/lock.rb:17:in `call'
  rack (1.5.2) lib/rack/content_length.rb:14:in `call'
  rack (1.5.2) lib/rack/handler/webrick.rb:60:in `service'
  /home/josnguyen/.rvm/rubies/ruby-2.1.2/lib/ruby/2.1.0/webrick/httpserver.rb:138:in `service'
  /home/josnguyen/.rvm/rubies/ruby-2.1.2/lib/ruby/2.1.0/webrick/httpserver.rb:94:in `run'
  /home/josnguyen/.rvm/rubies/ruby-2.1.2/lib/ruby/2.1.0/webrick/server.rb:295:in `block in start_thread'


  Rendered /home/josnguyen/.rvm/gems/ruby-2.1.2/gems/actionpack-4.1.5/lib/action_dispatch/middleware/templates/rescues/_trace.html.erb (1.7ms)
  Rendered /home/josnguyen/.rvm/gems/ruby-2.1.2/gems/actionpack-4.1.5/lib/action_dispatch/middleware/templates/routes/_route.html.erb (2.7ms)
  Rendered /home/josnguyen/.rvm/gems/ruby-2.1.2/gems/actionpack-4.1.5/lib/action_dispatch/middleware/templates/routes/_table.html.erb (36.7ms)
  Rendered /home/josnguyen/.rvm/gems/ruby-2.1.2/gems/actionpack-4.1.5/lib/action_dispatch/middleware/templates/rescues/routing_error.html.erb within rescues/layout (66.1ms)


Started GET "/users/sign_in" for 127.0.0.1 at 2014-09-11 11:00:05 +0700
Processing by Devise::SessionsController#new as HTML
  [1m[36mUser Load (0.4ms)[0m  [1mSELECT  `users`.* FROM `users`  WHERE `users`.`id` = 1  ORDER BY `users`.`id` ASC LIMIT 1[0m
Redirected to http://localhost:3000/
Filter chain halted as :require_no_authentication rendered or redirected
Completed 302 Found in 259ms (ActiveRecord: 0.4ms)


Started GET "/" for 127.0.0.1 at 2014-09-11 11:00:06 +0700
Processing by Rails::WelcomeController#index as HTML
  Rendered /home/josnguyen/.rvm/gems/ruby-2.1.2/gems/railties-4.1.5/lib/rails/templates/rails/welcome/index.html.erb (0.1ms)
Completed 200 OK in 2ms (Views: 1.5ms | ActiveRecord: 0.0ms)


Started GET "/users/sign_up" for 127.0.0.1 at 2014-09-11 11:00:11 +0700
Processing by Devise::RegistrationsController#new as HTML
  [1m[35mUser Load (0.4ms)[0m  SELECT  `users`.* FROM `users`  WHERE `users`.`id` = 1  ORDER BY `users`.`id` ASC LIMIT 1
Redirected to http://localhost:3000/
Filter chain halted as :require_no_authentication rendered or redirected
Completed 302 Found in 5ms (ActiveRecord: 0.4ms)


Started GET "/" for 127.0.0.1 at 2014-09-11 11:00:11 +0700
Processing by Rails::WelcomeController#index as HTML
  Rendered /home/josnguyen/.rvm/gems/ruby-2.1.2/gems/railties-4.1.5/lib/rails/templates/rails/welcome/index.html.erb (0.1ms)
Completed 200 OK in 2ms (Views: 1.6ms | ActiveRecord: 0.0ms)


Started GET "/users/sign_up" for 127.0.0.1 at 2014-09-11 11:00:18 +0700
Processing by Devise::RegistrationsController#new as HTML
  [1m[36mUser Load (4.2ms)[0m  [1mSELECT  `users`.* FROM `users`  WHERE `users`.`id` = 1  ORDER BY `users`.`id` ASC LIMIT 1[0m
Redirected to http://localhost:3000/
Filter chain halted as :require_no_authentication rendered or redirected
Completed 302 Found in 7ms (ActiveRecord: 4.2ms)


Started GET "/" for 127.0.0.1 at 2014-09-11 11:00:18 +0700
Processing by Rails::WelcomeController#index as HTML
  Rendered /home/josnguyen/.rvm/gems/ruby-2.1.2/gems/railties-4.1.5/lib/rails/templates/rails/welcome/index.html.erb (1.0ms)
Completed 200 OK in 4ms (Views: 3.4ms | ActiveRecord: 0.0ms)


Started GET "/users/sign_up" for 127.0.0.1 at 2014-09-11 11:00:24 +0700
Processing by Devise::RegistrationsController#new as HTML
  [1m[35mUser Load (0.5ms)[0m  SELECT  `users`.* FROM `users`  WHERE `users`.`id` = 1  ORDER BY `users`.`id` ASC LIMIT 1
Redirected to http://localhost:3000/
Filter chain halted as :require_no_authentication rendered or redirected
Completed 302 Found in 3ms (ActiveRecord: 0.5ms)


Started GET "/users/sign_up" for 127.0.0.1 at 2014-09-11 11:00:43 +0700
Processing by Devise::RegistrationsController#new as HTML
  [1m[36mUser Load (1.2ms)[0m  [1mSELECT  `users`.* FROM `users`  WHERE `users`.`id` = 1  ORDER BY `users`.`id` ASC LIMIT 1[0m
Redirected to http://localhost:3000/
Filter chain halted as :require_no_authentication rendered or redirected
Completed 302 Found in 5ms (ActiveRecord: 1.2ms)


Started GET "/" for 127.0.0.1 at 2014-09-11 11:00:43 +0700
Processing by Rails::WelcomeController#index as HTML
  Rendered /home/josnguyen/.rvm/gems/ruby-2.1.2/gems/railties-4.1.5/lib/rails/templates/rails/welcome/index.html.erb (0.1ms)
Completed 200 OK in 2ms (Views: 1.4ms | ActiveRecord: 0.0ms)


Started GET "/users" for 127.0.0.1 at 2014-09-11 11:01:14 +0700

ActionController::RoutingError (No route matches [GET] "/users"):
  actionpack (4.1.5) lib/action_dispatch/middleware/debug_exceptions.rb:21:in `call'
  actionpack (4.1.5) lib/action_dispatch/middleware/show_exceptions.rb:30:in `call'
  railties (4.1.5) lib/rails/rack/logger.rb:38:in `call_app'
  railties (4.1.5) lib/rails/rack/logger.rb:20:in `block in call'
  activesupport (4.1.5) lib/active_support/tagged_logging.rb:68:in `block in tagged'
  activesupport (4.1.5) lib/active_support/tagged_logging.rb:26:in `tagged'
  activesupport (4.1.5) lib/active_support/tagged_logging.rb:68:in `tagged'
  railties (4.1.5) lib/rails/rack/logger.rb:20:in `call'
  actionpack (4.1.5) lib/action_dispatch/middleware/request_id.rb:21:in `call'
  rack (1.5.2) lib/rack/methodoverride.rb:21:in `call'
  rack (1.5.2) lib/rack/runtime.rb:17:in `call'
  activesupport (4.1.5) lib/active_support/cache/strategy/local_cache_middleware.rb:26:in `call'
  rack (1.5.2) lib/rack/lock.rb:17:in `call'
  actionpack (4.1.5) lib/action_dispatch/middleware/static.rb:64:in `call'
  rack (1.5.2) lib/rack/sendfile.rb:112:in `call'
  railties (4.1.5) lib/rails/engine.rb:514:in `call'
  railties (4.1.5) lib/rails/application.rb:144:in `call'
  rack (1.5.2) lib/rack/lock.rb:17:in `call'
  rack (1.5.2) lib/rack/content_length.rb:14:in `call'
  rack (1.5.2) lib/rack/handler/webrick.rb:60:in `service'
  /home/josnguyen/.rvm/rubies/ruby-2.1.2/lib/ruby/2.1.0/webrick/httpserver.rb:138:in `service'
  /home/josnguyen/.rvm/rubies/ruby-2.1.2/lib/ruby/2.1.0/webrick/httpserver.rb:94:in `run'
  /home/josnguyen/.rvm/rubies/ruby-2.1.2/lib/ruby/2.1.0/webrick/server.rb:295:in `block in start_thread'


  Rendered /home/josnguyen/.rvm/gems/ruby-2.1.2/gems/actionpack-4.1.5/lib/action_dispatch/middleware/templates/rescues/_trace.html.erb (1.5ms)
  Rendered /home/josnguyen/.rvm/gems/ruby-2.1.2/gems/actionpack-4.1.5/lib/action_dispatch/middleware/templates/routes/_route.html.erb (2.6ms)
  Rendered /home/josnguyen/.rvm/gems/ruby-2.1.2/gems/actionpack-4.1.5/lib/action_dispatch/middleware/templates/routes/_table.html.erb (1.4ms)
  Rendered /home/josnguyen/.rvm/gems/ruby-2.1.2/gems/actionpack-4.1.5/lib/action_dispatch/middleware/templates/rescues/routing_error.html.erb within rescues/layout (26.7ms)


Started GET "/users/sign_up" for 127.0.0.1 at 2014-09-11 11:02:04 +0700
Processing by Devise::RegistrationsController#new as HTML
  [1m[35mUser Load (0.5ms)[0m  SELECT  `users`.* FROM `users`  WHERE `users`.`id` = 1  ORDER BY `users`.`id` ASC LIMIT 1
Redirected to http://localhost:3000/
Filter chain halted as :require_no_authentication rendered or redirected
Completed 302 Found in 3ms (ActiveRecord: 0.5ms)


Started GET "/" for 127.0.0.1 at 2014-09-11 11:02:04 +0700
Processing by Rails::WelcomeController#index as HTML
  Rendered /home/josnguyen/.rvm/gems/ruby-2.1.2/gems/railties-4.1.5/lib/rails/templates/rails/welcome/index.html.erb (0.1ms)
Completed 200 OK in 3ms (Views: 1.8ms | ActiveRecord: 0.0ms)


Started GET "/users/sign_in" for 127.0.0.1 at 2014-09-11 11:02:11 +0700
Processing by Devise::SessionsController#new as HTML
  [1m[36mUser Load (2.0ms)[0m  [1mSELECT  `users`.* FROM `users`  WHERE `users`.`id` = 1  ORDER BY `users`.`id` ASC LIMIT 1[0m
Redirected to http://localhost:3000/
Filter chain halted as :require_no_authentication rendered or redirected
Completed 302 Found in 7ms (ActiveRecord: 2.0ms)


Started GET "/" for 127.0.0.1 at 2014-09-11 11:02:11 +0700
Processing by Rails::WelcomeController#index as HTML
  Rendered /home/josnguyen/.rvm/gems/ruby-2.1.2/gems/railties-4.1.5/lib/rails/templates/rails/welcome/index.html.erb (0.1ms)
Completed 200 OK in 3ms (Views: 2.0ms | ActiveRecord: 0.0ms)


Started GET "/" for 127.0.0.1 at 2014-09-11 11:02:16 +0700
Processing by Rails::WelcomeController#index as HTML
  Rendered /home/josnguyen/.rvm/gems/ruby-2.1.2/gems/railties-4.1.5/lib/rails/templates/rails/welcome/index.html.erb (0.1ms)
Completed 200 OK in 3ms (Views: 2.2ms | ActiveRecord: 0.0ms)


Started GET "/users/sign_up" for 127.0.0.1 at 2014-09-11 11:02:18 +0700
Processing by Devise::RegistrationsController#new as HTML
  [1m[35mUser Load (0.6ms)[0m  SELECT  `users`.* FROM `users`  WHERE `users`.`id` = 1  ORDER BY `users`.`id` ASC LIMIT 1
Redirected to http://localhost:3000/
Filter chain halted as :require_no_authentication rendered or redirected
Completed 302 Found in 3ms (ActiveRecord: 0.6ms)


Started GET "/" for 127.0.0.1 at 2014-09-11 11:02:18 +0700
Processing by Rails::WelcomeController#index as HTML
  Rendered /home/josnguyen/.rvm/gems/ruby-2.1.2/gems/railties-4.1.5/lib/rails/templates/rails/welcome/index.html.erb (0.1ms)
Completed 200 OK in 3ms (Views: 2.5ms | ActiveRecord: 0.0ms)


Started GET "/users/sign_up" for 127.0.0.1 at 2014-09-11 11:02:24 +0700
Processing by Devise::RegistrationsController#new as HTML
  [1m[36mUser Load (0.7ms)[0m  [1mSELECT  `users`.* FROM `users`  WHERE `users`.`id` = 1  ORDER BY `users`.`id` ASC LIMIT 1[0m
Redirected to http://localhost:3000/
Filter chain halted as :require_no_authentication rendered or redirected
Completed 302 Found in 4ms (ActiveRecord: 0.7ms)


Started GET "/" for 127.0.0.1 at 2014-09-11 11:02:24 +0700
Processing by Rails::WelcomeController#index as HTML
  Rendered /home/josnguyen/.rvm/gems/ruby-2.1.2/gems/railties-4.1.5/lib/rails/templates/rails/welcome/index.html.erb (0.1ms)
Completed 200 OK in 2ms (Views: 1.2ms | ActiveRecord: 0.0ms)
  [1m[36mActiveRecord::SchemaMigration Load (0.4ms)[0m  [1mSELECT `schema_migrations`.* FROM `schema_migrations`[0m
  [1m[35mActiveRecord::SchemaMigration Load (0.3ms)[0m  SELECT `schema_migrations`.* FROM `schema_migrations`


Started GET "/users/sign_up" for 127.0.0.1 at 2014-09-11 11:06:50 +0700
Processing by Devise::RegistrationsController#new as HTML
  [1m[35mUser Load (0.3ms)[0m  SELECT  `users`.* FROM `users`  WHERE `users`.`id` = 1  ORDER BY `users`.`id` ASC LIMIT 1
Redirected to http://localhost:3000/
Filter chain halted as :require_no_authentication rendered or redirected
Completed 302 Found in 17ms (ActiveRecord: 1.8ms)


Started GET "/" for 127.0.0.1 at 2014-09-11 11:06:50 +0700
Processing by Rails::WelcomeController#index as HTML
  Rendered /home/josnguyen/.rvm/gems/ruby-2.1.2/gems/railties-4.1.5/lib/rails/templates/rails/welcome/index.html.erb (0.1ms)
Completed 200 OK in 2ms (Views: 1.6ms | ActiveRecord: 0.0ms)


Started GET "/users/sign_up" for 127.0.0.1 at 2014-09-11 11:14:04 +0700
  [1m[36mActiveRecord::SchemaMigration Load (0.4ms)[0m  [1mSELECT `schema_migrations`.* FROM `schema_migrations`[0m
Processing by Devise::RegistrationsController#new as HTML
  [1m[35mUser Load (0.5ms)[0m  SELECT  `users`.* FROM `users`  WHERE `users`.`id` = 1  ORDER BY `users`.`id` ASC LIMIT 1
Redirected to http://localhost:3000/
Filter chain halted as :require_no_authentication rendered or redirected
Completed 302 Found in 93ms (ActiveRecord: 2.1ms)


Started GET "/" for 127.0.0.1 at 2014-09-11 11:14:04 +0700
Processing by Rails::WelcomeController#index as HTML
  Rendered /home/josnguyen/.rvm/gems/ruby-2.1.2/gems/railties-4.1.5/lib/rails/templates/rails/welcome/index.html.erb (14.8ms)
Completed 200 OK in 41ms (Views: 40.3ms | ActiveRecord: 0.0ms)
